<?xml version="1.0" encoding="UTF-8"?>
<!-- Generated by org.testng.reporters.JUnitReportReporter -->
<testsuite hostname="Gabby" failures="0" tests="5" name="Day11.dataProviderTesting" time="0.014" errors="0" timestamp="2022-03-03T01:25:04 ICT" skipped="0">
  <testcase classname="Day11.dataProviderTesting" name="ageTest" time="0.001"/>
  <system-out/>
  <testcase classname="Day11.dataProviderTesting" name="ageTest" time="0.009"/>
  <system-out/>
  <testcase classname="Day11.dataProviderTesting" name="myTest" time="0.001"/>
  <system-out/>
  <testcase classname="Day11.dataProviderTesting" name="myTest" time="0.001"/>
  <system-out/>
  <testcase classname="Day11.dataProviderTesting" name="myTest" time="0.002"/>
  <system-out/>
</testsuite> <!-- Day11.dataProviderTesting -->
