<?xml version="1.0" encoding="UTF-8"?>
<!-- Generated by org.testng.reporters.JUnitReportReporter -->
<testsuite hostname="Gabby" failures="0" tests="3" name="Day10.groupTests" time="0.013" errors="0" timestamp="2022-03-03T00:33:49 ICT" skipped="0">
  <testcase classname="Day10.groupTests" name="test3" time="0.002"/>
  <system-out/>
  <testcase classname="Day10.groupTests" name="test2" time="0.002"/>
  <system-out/>
  <testcase classname="Day10.groupTests" name="test1" time="0.009"/>
  <system-out/>
</testsuite> <!-- Day10.groupTests -->
