<?xml version="1.0" encoding="UTF-8"?>
<!-- Generated by org.testng.reporters.JUnitReportReporter -->
<testsuite hostname="Gabby" failures="0" tests="1" name="Day11.passingParameters" time="0.011" errors="0" timestamp="2022-03-07T21:51:33 EST" skipped="0">
  <testcase classname="Day11.passingParameters" name="SumOf" time="0.011"/>
  <system-out/>
</testsuite> <!-- Day11.passingParameters -->
