<?xml version="1.0" encoding="UTF-8"?>
<!-- Generated by org.testng.reporters.JUnitReportReporter -->
<testsuite hostname="Gabby" failures="0" tests="1" name="Day06.actionClassDragDrop" time="11.079" errors="0" timestamp="2022-03-20T01:08:51 EDT" skipped="0">
  <testcase classname="Day06.actionClassDragDrop" name="test1" time="11.079"/>
  <system-out/>
</testsuite> <!-- Day06.actionClassDragDrop -->
