<?xml version="1.0" encoding="UTF-8"?>
<!-- Generated by org.testng.reporters.JUnitReportReporter -->
<testsuite hostname="Gabby" failures="0" tests="3" name="Day06.assertionsTest" time="5.740" errors="0" timestamp="2022-03-20T01:17:33 EDT" skipped="2">
  <testcase classname="Day06.assertionsTest" name="assertEqualsTest" time="5.740"/>
  <system-out/>
  <testcase classname="Day06.assertionsTest" name="assertTrueTest">
    <skipped/>
  </testcase> <!-- assertTrueTest -->
  <system-out/>
  <testcase classname="Day06.assertionsTest" name="assertFalseTest">
    <skipped/>
  </testcase> <!-- assertFalseTest -->
  <system-out/>
</testsuite> <!-- Day06.assertionsTest -->
