<?xml version="1.0" encoding="UTF-8"?>
<!-- Generated by org.testng.reporters.JUnitReportReporter -->
<testsuite hostname="Gabby" failures="0" tests="5" name="Day10_TestNG.orderOfTest" time="0.017" errors="0" timestamp="2022-02-24T22:22:30 EST" skipped="1">
  <testcase classname="Day10_TestNG.orderOfTest" name="test1" time="0.012"/>
  <system-out/>
  <testcase classname="Day10_TestNG.orderOfTest" name="test5" time="0.003"/>
  <system-out/>
  <testcase classname="Day10_TestNG.orderOfTest" name="test2" time="0.001"/>
  <system-out/>
  <testcase classname="Day10_TestNG.orderOfTest" name="test4" time="0.001"/>
  <system-out/>
  <testcase classname="Day10_TestNG.orderOfTest" name="test3">
    <skipped/>
  </testcase> <!-- test3 -->
  <system-out/>
</testsuite> <!-- Day10_TestNG.orderOfTest -->
