<?xml version="1.0" encoding="UTF-8"?>
<!-- Generated by org.testng.reporters.JUnitReportReporter -->
<testsuite hostname="Khemmapats-iMac.local" failures="0" tests="3" name="Day10.groupTests" time="0.008" errors="0" timestamp="2022-02-24T21:53:01 EST" skipped="0">
  <testcase classname="Day10.groupTests" name="test2" time="0.001"/>
  <system-out/>
  <testcase classname="Day10.groupTests" name="test1" time="0.006"/>
  <system-out/>
  <testcase classname="Day10.groupTests" name="test3" time="0.001"/>
  <system-out/>
</testsuite> <!-- Day10.groupTests -->
