<?xml version="1.0" encoding="UTF-8"?>
<!-- Generated by org.testng.reporters.JUnitReportReporter -->
<testsuite hostname="Gabby" failures="0" tests="1" name="Day07.windowHandlesTest" time="8.491" errors="0" timestamp="2022-04-05T20:06:03 EDT" skipped="0">
  <testcase classname="Day07.windowHandlesTest" name="test1" time="8.491"/>
  <system-out/>
</testsuite> <!-- Day07.windowHandlesTest -->
