<?xml version="1.0" encoding="UTF-8"?>
<!-- Generated by org.testng.reporters.JUnitReportReporter -->
<testsuite hostname="Khemmapats-iMac.local" failures="0" tests="1" name="Day10.dependsOnTest" time="0.005" errors="0" timestamp="2022-02-24T21:53:01 EST" skipped="0">
  <testcase classname="Day10.dependsOnTest" name="OpenBrowser" time="0.005"/>
  <system-out/>
</testsuite> <!-- Day10.dependsOnTest -->
