<?xml version="1.0" encoding="UTF-8"?>
<!-- Generated by org.testng.reporters.JUnitReportReporter -->
<testsuite hostname="Gabby" failures="0" tests="3" name="Day13.myAccontLogin" time="21.580" errors="0" timestamp="2022-03-03T21:12:29 EST" skipped="2">
  <testcase classname="Day13.myAccontLogin" name="LoginWithInvalidUsernameInvalidPassword" time="21.580"/>
  <system-out/>
  <testcase classname="Day13.myAccontLogin" name="LoginWithValidUsernameEmptyPassword">
    <skipped/>
  </testcase> <!-- LoginWithValidUsernameEmptyPassword -->
  <system-out/>
  <testcase classname="Day13.myAccontLogin" name="LoginWithValidUsernamePassword">
    <skipped/>
  </testcase> <!-- LoginWithValidUsernamePassword -->
  <system-out/>
</testsuite> <!-- Day13.myAccontLogin -->
