<?xml version="1.0" encoding="UTF-8"?>
<!-- Generated by org.testng.reporters.JUnitReportReporter -->
<testsuite hostname="Khemmapats-iMac.local" failures="0" tests="5" name="Day10.orderOfTest" time="0.017" errors="0" timestamp="2022-02-24T21:07:05 EST" skipped="1">
  <testcase classname="Day10.orderOfTest" name="test1" time="0.011"/>
  <system-out/>
  <testcase classname="Day10.orderOfTest" name="test5" time="0.001"/>
  <system-out/>
  <testcase classname="Day10.orderOfTest" name="test2" time="0.003"/>
  <system-out/>
  <testcase classname="Day10.orderOfTest" name="test4" time="0.002"/>
  <system-out/>
  <testcase classname="Day10.orderOfTest" name="test3">
    <skipped/>
  </testcase> <!-- test3 -->
  <system-out/>
</testsuite> <!-- Day10.orderOfTest -->
