<?xml version="1.0" encoding="UTF-8"?>
<!-- Generated by org.testng.reporters.JUnitReportReporter -->
<testsuite hostname="Gabby" failures="0" tests="3" name="Day10.groupTests" time="0.011" errors="0" timestamp="2022-04-12T11:18:59 EDT" skipped="0">
  <testcase classname="Day10.groupTests" name="test3" time="0.002"/>
  <system-out/>
  <testcase classname="Day10.groupTests" name="test1" time="0.008"/>
  <system-out/>
  <testcase classname="Day10.groupTests" name="test2" time="0.001"/>
  <system-out/>
</testsuite> <!-- Day10.groupTests -->
