<?xml version="1.0" encoding="UTF-8"?>
<!-- Generated by org.testng.reporters.JUnitReportReporter -->
<testsuite hostname="Gabby" failures="0" tests="2" name="Day10.dependsOnTest" time="0.017" errors="0" timestamp="2022-02-25T16:58:33 EST" skipped="0">
  <testcase classname="Day10.dependsOnTest" name="SignIn" time="0.003"/>
  <system-out/>
  <testcase classname="Day10.dependsOnTest" name="OpenBrowser" time="0.014"/>
  <system-out/>
</testsuite> <!-- Day10.dependsOnTest -->
