<?xml version="1.0" encoding="UTF-8"?>
<!-- Generated by org.testng.reporters.JUnitReportReporter -->
<testsuite hostname="Gabby" failures="0" tests="1" name="Day10_TestNG.dependsOnTest" time="0.002" errors="0" timestamp="2022-02-24T22:37:20 EST" skipped="0">
  <testcase classname="Day10_TestNG.dependsOnTest" name="OpenBrowser" time="0.002"/>
  <system-out/>
</testsuite> <!-- Day10_TestNG.dependsOnTest -->
