<?xml version="1.0" encoding="UTF-8"?>
<!-- Generated by org.testng.reporters.JUnitReportReporter -->
<testsuite hostname="Gabby" failures="0" tests="4" name="Day10_TestNG.groupTests" time="0.012" errors="0" timestamp="2022-02-24T22:37:20 EST" skipped="0">
  <testcase classname="Day10_TestNG.groupTests" name="test1" time="0.009"/>
  <system-out/>
  <testcase classname="Day10_TestNG.groupTests" name="test3" time="0.001"/>
  <system-out/>
  <testcase classname="Day10_TestNG.groupTests" name="test2" time="0.001"/>
  <system-out/>
  <testcase classname="Day10_TestNG.groupTests" name="test4" time="0.001"/>
  <system-out/>
</testsuite> <!-- Day10_TestNG.groupTests -->
