<?xml version="1.0" encoding="UTF-8"?>
<!-- Generated by org.testng.reporters.JUnitReportReporter -->
<testsuite hostname="Gabby" failures="0" tests="3" name="Day11.groupingTestingReview" time="0.008" errors="0" timestamp="2022-04-12T11:18:59 EDT" skipped="0">
  <testcase classname="Day11.groupingTestingReview" name="firstTest" time="0.002"/>
  <system-out/>
  <testcase classname="Day11.groupingTestingReview" name="ThirdTest" time="0.005"/>
  <system-out/>
  <testcase classname="Day11.groupingTestingReview" name="AnotherTest" time="0.001"/>
  <system-out/>
</testsuite> <!-- Day11.groupingTestingReview -->
