<?xml version="1.0" encoding="UTF-8"?>
<!-- Generated by org.testng.reporters.JUnitReportReporter -->
<testsuite hostname="Gabby" failures="0" tests="1" name="Day04.implicitWaitExample" time="5.280" errors="0" timestamp="2022-03-14T22:50:40 EDT" skipped="0">
  <testcase classname="Day04.implicitWaitExample" name="test1" time="5.280"/>
  <system-out/>
</testsuite> <!-- Day04.implicitWaitExample -->
