<?xml version="1.0" encoding="UTF-8"?>
<!-- Generated by org.testng.reporters.JUnitReportReporter -->
<testsuite hostname="Gabby" failures="0" tests="1" name="sauceLabTest.sauceLabFromBaseClass" time="25.368" errors="0" timestamp="2022-04-06T21:52:46 EDT" skipped="0">
  <testcase classname="sauceLabTest.sauceLabFromBaseClass" name="click" time="25.368"/>
  <system-out/>
</testsuite> <!-- sauceLabTest.sauceLabFromBaseClass -->
