<?xml version="1.0" encoding="UTF-8"?>
<!-- Generated by org.testng.reporters.JUnitReportReporter -->
<testsuite hostname="Gabby" failures="0" tests="1" name="Day06.scollDownAndUp" time="7.848" errors="0" timestamp="2022-03-20T01:22:09 EDT" skipped="0">
  <testcase classname="Day06.scollDownAndUp" name="test1" time="7.848"/>
  <system-out/>
</testsuite> <!-- Day06.scollDownAndUp -->
