<?xml version="1.0" encoding="UTF-8"?>
<!-- Generated by org.testng.reporters.JUnitReportReporter -->
<testsuite hostname="Gabby" failures="0" tests="2" name="Day11.ParallelTest" time="15.414" errors="0" timestamp="2022-04-12T01:54:44 EDT" skipped="0">
  <testcase classname="Day11.ParallelTest" name="EdgeTest" time="7.733"/>
  <system-out/>
  <testcase classname="Day11.ParallelTest" name="ChromeTest" time="7.681"/>
  <system-out/>
</testsuite> <!-- Day11.ParallelTest -->
