<?xml version="1.0" encoding="UTF-8"?>
<!-- Generated by org.testng.reporters.JUnitReportReporter -->
<testsuite hostname="Gabby" failures="0" tests="2" name="Day11.multiBrowser" time="0.008" errors="0" timestamp="2022-03-03T01:59:47 ICT" skipped="0">
  <testcase classname="Day11.multiBrowser" name="searchItem" time="0.006"/>
  <system-out/>
  <testcase classname="Day11.multiBrowser" name="searchItem" time="0.002"/>
  <system-out/>
</testsuite> <!-- Day11.multiBrowser -->
