<?xml version="1.0" encoding="UTF-8"?>
<!-- Generated by org.testng.reporters.JUnitReportReporter -->
<testsuite hostname="Gabby" failures="0" tests="1" name="PracticeAutimationWebsite.myAccount" time="40.261" errors="0" timestamp="2022-03-05T12:11:49 EST" skipped="0">
  <testcase classname="PracticeAutimationWebsite.myAccount" name="MyAccountsDashboard" time="40.261"/>
  <system-out/>
</testsuite> <!-- PracticeAutimationWebsite.myAccount -->
