<?xml version="1.0" encoding="UTF-8"?>
<!-- Generated by org.testng.reporters.JUnitReportReporter -->
<testsuite hostname="Gabby" failures="0" tests="2" name="Day11.ParallelTest" time="36.836" errors="0" timestamp="2022-03-03T02:08:50 ICT" skipped="0">
  <testcase classname="Day11.ParallelTest" name="ChromeTest" time="19.014"/>
  <system-out/>
  <testcase classname="Day11.ParallelTest" name="EdgeTest" time="17.822"/>
  <system-out/>
</testsuite> <!-- Day11.ParallelTest -->
